2021-05-08 10:30:27.275 DEBUG 21240 --- [nio-7999-exec-3] c.g.demomybatis.web.SimulationService    : 2010年 总人口为 1332810786
2021-05-08 10:30:27.277 DEBUG 21240 --- [nio-7999-exec-3] c.g.demomybatis.web.SimulationService    :     2010年 年龄段为    0 - 22 总计为    397659230
2021-05-08 10:30:27.277 DEBUG 21240 --- [nio-7999-exec-3] c.g.demomybatis.web.SimulationService    :     2010年 年龄段为   23 - 60 总计为    769290607
2021-05-08 10:30:27.277 DEBUG 21240 --- [nio-7999-exec-3] c.g.demomybatis.web.SimulationService    :     2010年 年龄段为   61 -105 总计为    165860949
2021-05-08 10:30:27.280 DEBUG 21240 --- [nio-7999-exec-3] c.g.demomybatis.web.SimulationService    : 2011年 总人口为 1340838367
2021-05-08 10:30:27.280 DEBUG 21240 --- [nio-7999-exec-3] c.g.demomybatis.web.SimulationService    :     2011年 年龄段为    0 - 22 总计为    387927696
2021-05-08 10:30:27.281 DEBUG 21240 --- [nio-7999-exec-3] c.g.demomybatis.web.SimulationService    :     2011年 年龄段为   23 - 60 总计为    781513464
2021-05-08 10:30:27.281 DEBUG 21240 --- [nio-7999-exec-3] c.g.demomybatis.web.SimulationService    :     2011年 年龄段为   61 -105 总计为    171397207
2021-05-08 10:30:27.282 DEBUG 21240 --- [nio-7999-exec-3] c.g.demomybatis.web.SimulationService    : 2012年 总人口为 1348605890
2021-05-08 10:30:27.282 DEBUG 21240 --- [nio-7999-exec-3] c.g.demomybatis.web.SimulationService    :     2012年 年龄段为    0 - 22 总计为    378209943
2021-05-08 10:30:27.282 DEBUG 21240 --- [nio-7999-exec-3] c.g.demomybatis.web.SimulationService    :     2012年 年龄段为   23 - 60 总计为    789291643
2021-05-08 10:30:27.283 DEBUG 21240 --- [nio-7999-exec-3] c.g.demomybatis.web.SimulationService    :     2012年 年龄段为   61 -105 总计为    181104304
2021-05-08 10:30:27.284 DEBUG 21240 --- [nio-7999-exec-3] c.g.demomybatis.web.SimulationService    : 2013年 总人口为 1356099910
2021-05-08 10:30:27.284 DEBUG 21240 --- [nio-7999-exec-3] c.g.demomybatis.web.SimulationService    :     2013年 年龄段为    0 - 22 总计为    368505942
2021-05-08 10:30:27.285 DEBUG 21240 --- [nio-7999-exec-3] c.g.demomybatis.web.SimulationService    :     2013年 年龄段为   23 - 60 总计为    797141863
2021-05-08 10:30:27.285 DEBUG 21240 --- [nio-7999-exec-3] c.g.demomybatis.web.SimulationService    :     2013年 年龄段为   61 -105 总计为    190452105
2021-05-08 10:30:27.286 DEBUG 21240 --- [nio-7999-exec-3] c.g.demomybatis.web.SimulationService    : 2014年 总人口为 1363309996
2021-05-08 10:30:27.286 DEBUG 21240 --- [nio-7999-exec-3] c.g.demomybatis.web.SimulationService    :     2014年 年龄段为    0 - 22 总计为    364311717
2021-05-08 10:30:27.286 DEBUG 21240 --- [nio-7999-exec-3] c.g.demomybatis.web.SimulationService    :     2014年 年龄段为   23 - 60 总计为    799557504
2021-05-08 10:30:27.287 DEBUG 21240 --- [nio-7999-exec-3] c.g.demomybatis.web.SimulationService    :     2014年 年龄段为   61 -105 总计为    199440775
2021-05-08 10:30:27.287 DEBUG 21240 --- [nio-7999-exec-3] c.g.demomybatis.web.SimulationService    : 2015年 总人口为 1370227250
2021-05-08 10:30:27.288 DEBUG 21240 --- [nio-7999-exec-3] c.g.demomybatis.web.SimulationService    :     2015年 年龄段为    0 - 22 总计为    360126759
2021-05-08 10:30:27.288 DEBUG 21240 --- [nio-7999-exec-3] c.g.demomybatis.web.SimulationService    :     2015年 年龄段为   23 - 60 总计为    802029754
2021-05-08 10:30:27.288 DEBUG 21240 --- [nio-7999-exec-3] c.g.demomybatis.web.SimulationService    :     2015年 年龄段为   61 -105 总计为    208070737
2021-05-08 10:30:27.289 DEBUG 21240 --- [nio-7999-exec-3] c.g.demomybatis.web.SimulationService    : 2016年 总人口为 1376841731
2021-05-08 10:30:27.289 DEBUG 21240 --- [nio-7999-exec-3] c.g.demomybatis.web.SimulationService    :     2016年 年龄段为    0 - 22 总计为    355950884
2021-05-08 10:30:27.289 DEBUG 21240 --- [nio-7999-exec-3] c.g.demomybatis.web.SimulationService    :     2016年 年龄段为   23 - 60 总计为    804550414
2021-05-08 10:30:27.290 DEBUG 21240 --- [nio-7999-exec-3] c.g.demomybatis.web.SimulationService    :     2016年 年龄段为   61 -105 总计为    216340433
2021-05-08 10:30:27.292 DEBUG 21240 --- [nio-7999-exec-3] c.g.demomybatis.web.SimulationService    : 2017年 总人口为 1383149555
2021-05-08 10:30:27.292 DEBUG 21240 --- [nio-7999-exec-3] c.g.demomybatis.web.SimulationService    :     2017年 年龄段为    0 - 22 总计为    351783854
2021-05-08 10:30:27.292 DEBUG 21240 --- [nio-7999-exec-3] c.g.demomybatis.web.SimulationService    :     2017年 年龄段为   23 - 60 总计为    807606428
2021-05-08 10:30:27.293 DEBUG 21240 --- [nio-7999-exec-3] c.g.demomybatis.web.SimulationService    :     2017年 年龄段为   61 -105 总计为    223759273
2021-05-08 10:30:27.293 DEBUG 21240 --- [nio-7999-exec-3] c.g.demomybatis.web.SimulationService    : 2018年 总人口为 1389142344
2021-05-08 10:30:27.294 DEBUG 21240 --- [nio-7999-exec-3] c.g.demomybatis.web.SimulationService    :     2018年 年龄段为    0 - 22 总计为    347625393
2021-05-08 10:30:27.295 DEBUG 21240 --- [nio-7999-exec-3] c.g.demomybatis.web.SimulationService    :     2018年 年龄段为   23 - 60 总计为    810690811
2021-05-08 10:30:27.296 DEBUG 21240 --- [nio-7999-exec-3] c.g.demomybatis.web.SimulationService    :     2018年 年龄段为   61 -105 总计为    230826140
2021-05-08 10:30:27.296 DEBUG 21240 --- [nio-7999-exec-3] c.g.demomybatis.web.SimulationService    : 2019年 总人口为 1394812415
2021-05-08 10:30:27.297 DEBUG 21240 --- [nio-7999-exec-3] c.g.demomybatis.web.SimulationService    :     2019年 年龄段为    0 - 22 总计为    348454919
2021-05-08 10:30:27.297 DEBUG 21240 --- [nio-7999-exec-3] c.g.demomybatis.web.SimulationService    :     2019年 年龄段为   23 - 60 总计为    808816474
2021-05-08 10:30:27.297 DEBUG 21240 --- [nio-7999-exec-3] c.g.demomybatis.web.SimulationService    :     2019年 年龄段为   61 -105 总计为    237541022
2021-05-08 10:30:27.298 DEBUG 21240 --- [nio-7999-exec-3] c.g.demomybatis.web.SimulationService    : 2020年 总人口为 1400152195
2021-05-08 10:30:27.298 DEBUG 21240 --- [nio-7999-exec-3] c.g.demomybatis.web.SimulationService    :     2020年 年龄段为    0 - 22 总计为    349288756
2021-05-08 10:30:27.298 DEBUG 21240 --- [nio-7999-exec-3] c.g.demomybatis.web.SimulationService    :     2020年 年龄段为   23 - 60 总计为    806959387
2021-05-08 10:30:27.299 DEBUG 21240 --- [nio-7999-exec-3] c.g.demomybatis.web.SimulationService    :     2020年 年龄段为   61 -105 总计为    243904052
2021-05-08 10:30:27.299 DEBUG 21240 --- [nio-7999-exec-3] c.g.demomybatis.web.SimulationService    : 2021年 总人口为 1405152639
2021-05-08 10:30:27.300 DEBUG 21240 --- [nio-7999-exec-3] c.g.demomybatis.web.SimulationService    :     2021年 年龄段为    0 - 22 总计为    350126535
2021-05-08 10:30:27.308 DEBUG 21240 --- [nio-7999-exec-3] c.g.demomybatis.web.SimulationService    :     2021年 年龄段为   23 - 60 总计为    805112058
2021-05-08 10:30:27.309 DEBUG 21240 --- [nio-7999-exec-3] c.g.demomybatis.web.SimulationService    :     2021年 年龄段为   61 -105 总计为    249914046
2021-05-08 10:30:27.322 DEBUG 21240 --- [nio-7999-exec-3] c.g.demomybatis.web.SimulationService    : 2022年 总人口为 1409807890
2021-05-08 10:30:27.328 DEBUG 21240 --- [nio-7999-exec-3] c.g.demomybatis.web.SimulationService    :     2022年 年龄段为    0 - 22 总计为    350967904
2021-05-08 10:30:27.329 DEBUG 21240 --- [nio-7999-exec-3] c.g.demomybatis.web.SimulationService    :     2022年 年龄段为   23 - 60 总计为    798206550
2021-05-08 10:30:27.329 DEBUG 21240 --- [nio-7999-exec-3] c.g.demomybatis.web.SimulationService    :     2022年 年龄段为   61 -105 总计为    260633436
2021-05-08 10:30:27.330 DEBUG 21240 --- [nio-7999-exec-3] c.g.demomybatis.web.SimulationService    : 2023年 总人口为 1414108868
2021-05-08 10:30:27.331 DEBUG 21240 --- [nio-7999-exec-3] c.g.demomybatis.web.SimulationService    :     2023年 年龄段为    0 - 22 总计为    351812527
2021-05-08 10:30:27.331 DEBUG 21240 --- [nio-7999-exec-3] c.g.demomybatis.web.SimulationService    :     2023年 年龄段为   23 - 60 总计为    791350921
2021-05-08 10:30:27.332 DEBUG 21240 --- [nio-7999-exec-3] c.g.demomybatis.web.SimulationService    :     2023年 年龄段为   61 -105 总计为    270945420
2021-05-08 10:30:27.338 DEBUG 21240 --- [nio-7999-exec-3] c.g.demomybatis.web.SimulationService    : 2024年 总人口为 1418046471
2021-05-08 10:30:27.339 DEBUG 21240 --- [nio-7999-exec-3] c.g.demomybatis.web.SimulationService    :     2024年 年龄段为    0 - 22 总计为    353461922
2021-05-08 10:30:27.340 DEBUG 21240 --- [nio-7999-exec-3] c.g.demomybatis.web.SimulationService    :     2024年 年龄段为   23 - 60 总计为    783737977
2021-05-08 10:30:27.340 DEBUG 21240 --- [nio-7999-exec-3] c.g.demomybatis.web.SimulationService    :     2024年 年龄段为   61 -105 总计为    280846572
2021-05-08 10:30:27.341 DEBUG 21240 --- [nio-7999-exec-3] c.g.demomybatis.web.SimulationService    : 2025年 总人口为 1421611469
2021-05-08 10:30:27.342 DEBUG 21240 --- [nio-7999-exec-3] c.g.demomybatis.web.SimulationService    :     2025年 年龄段为    0 - 22 总计为    355113548
2021-05-08 10:30:27.343 DEBUG 21240 --- [nio-7999-exec-3] c.g.demomybatis.web.SimulationService    :     2025年 年龄段为   23 - 60 总计为    776164756
2021-05-08 10:30:27.343 DEBUG 21240 --- [nio-7999-exec-3] c.g.demomybatis.web.SimulationService    :     2025年 年龄段为   61 -105 总计为    290333165
2021-05-08 10:30:27.344 DEBUG 21240 --- [nio-7999-exec-3] c.g.demomybatis.web.SimulationService    : 2026年 总人口为 1424793214
2021-05-08 10:30:27.346 DEBUG 21240 --- [nio-7999-exec-3] c.g.demomybatis.web.SimulationService    :     2026年 年龄段为    0 - 22 总计为    356767264
2021-05-08 10:30:27.347 DEBUG 21240 --- [nio-7999-exec-3] c.g.demomybatis.web.SimulationService    :     2026年 年龄段为   23 - 60 总计为    768626048
2021-05-08 10:30:27.348 DEBUG 21240 --- [nio-7999-exec-3] c.g.demomybatis.web.SimulationService    :     2026年 年龄段为   61 -105 总计为    299399902
2021-05-08 10:30:27.349 DEBUG 21240 --- [nio-7999-exec-3] c.g.demomybatis.web.SimulationService    : 2027年 总人口为 1427584694
2021-05-08 10:30:27.350 DEBUG 21240 --- [nio-7999-exec-3] c.g.demomybatis.web.SimulationService    :     2027年 年龄段为    0 - 22 总计为    358423030
2021-05-08 10:30:27.352 DEBUG 21240 --- [nio-7999-exec-3] c.g.demomybatis.web.SimulationService    :     2027年 年龄段为   23 - 60 总计为    757548461
2021-05-08 10:30:27.352 DEBUG 21240 --- [nio-7999-exec-3] c.g.demomybatis.web.SimulationService    :     2027年 年龄段为   61 -105 总计为    311613203
2021-05-08 10:30:27.353 DEBUG 21240 --- [nio-7999-exec-3] c.g.demomybatis.web.SimulationService    : 2028年 总人口为 1429976321
2021-05-08 10:30:27.354 DEBUG 21240 --- [nio-7999-exec-3] c.g.demomybatis.web.SimulationService    :     2028年 年龄段为    0 - 22 总计为    360080929
2021-05-08 10:30:27.354 DEBUG 21240 --- [nio-7999-exec-3] c.g.demomybatis.web.SimulationService    :     2028年 年龄段为   23 - 60 总计为    746530724
2021-05-08 10:30:27.355 DEBUG 21240 --- [nio-7999-exec-3] c.g.demomybatis.web.SimulationService    :     2028年 年龄段为   61 -105 总计为    323364668
2021-05-08 10:30:27.357 DEBUG 21240 --- [nio-7999-exec-3] c.g.demomybatis.web.SimulationService    : 2029年 总人口为 1431959217
2021-05-08 10:30:27.362 DEBUG 21240 --- [nio-7999-exec-3] c.g.demomybatis.web.SimulationService    :     2029年 年龄段为    0 - 22 总计为    360488175
2021-05-08 10:30:27.363 DEBUG 21240 --- [nio-7999-exec-3] c.g.demomybatis.web.SimulationService    :     2029年 年龄段为   23 - 60 总计为    736823037
2021-05-08 10:30:27.364 DEBUG 21240 --- [nio-7999-exec-3] c.g.demomybatis.web.SimulationService    :     2029年 年龄段为   61 -105 总计为    334648005
2021-05-08 10:30:27.364 DEBUG 21240 --- [nio-7999-exec-3] c.g.demomybatis.web.SimulationService    : 2030年 总人口为 1433525385
2021-05-08 10:30:27.365 DEBUG 21240 --- [nio-7999-exec-3] c.g.demomybatis.web.SimulationService    :     2030年 年龄段为    0 - 22 总计为    360899059
2021-05-08 10:30:27.366 DEBUG 21240 --- [nio-7999-exec-3] c.g.demomybatis.web.SimulationService    :     2030年 年龄段为   23 - 60 总计为    727169088
2021-05-08 10:30:27.366 DEBUG 21240 --- [nio-7999-exec-3] c.g.demomybatis.web.SimulationService    :     2030年 年龄段为   61 -105 总计为    345457238
2021-05-08 10:30:27.369 DEBUG 21240 --- [nio-7999-exec-3] c.g.demomybatis.web.SimulationService    : 2031年 总人口为 1434666718
2021-05-08 10:30:27.369 DEBUG 21240 --- [nio-7999-exec-3] c.g.demomybatis.web.SimulationService    :     2031年 年龄段为    0 - 22 总计为    361314435
2021-05-08 10:30:27.369 DEBUG 21240 --- [nio-7999-exec-3] c.g.demomybatis.web.SimulationService    :     2031年 年龄段为   23 - 60 总计为    717566485
2021-05-08 10:30:27.370 DEBUG 21240 --- [nio-7999-exec-3] c.g.demomybatis.web.SimulationService    :     2031年 年龄段为   61 -105 总计为    355785798
2021-05-08 10:30:27.371 DEBUG 21240 --- [nio-7999-exec-3] c.g.demomybatis.web.SimulationService    : 2032年 总人口为 1435379633
2021-05-08 10:30:27.371 DEBUG 21240 --- [nio-7999-exec-3] c.g.demomybatis.web.SimulationService    :     2032年 年龄段为    0 - 22 总计为    361735747
2021-05-08 10:30:27.372 DEBUG 21240 --- [nio-7999-exec-3] c.g.demomybatis.web.SimulationService    :     2032年 年龄段为   23 - 60 总计为    709259414
2021-05-08 10:30:27.372 DEBUG 21240 --- [nio-7999-exec-3] c.g.demomybatis.web.SimulationService    :     2032年 年龄段为   61 -105 总计为    364384472
2021-05-08 10:30:27.373 DEBUG 21240 --- [nio-7999-exec-3] c.g.demomybatis.web.SimulationService    : 2033年 总人口为 1435659929
2021-05-08 10:30:27.373 DEBUG 21240 --- [nio-7999-exec-3] c.g.demomybatis.web.SimulationService    :     2033年 年龄段为    0 - 22 总计为    363803372
2021-05-08 10:30:27.373 DEBUG 21240 --- [nio-7999-exec-3] c.g.demomybatis.web.SimulationService    :     2033年 年龄段为   23 - 60 总计为    699348993
2021-05-08 10:30:27.374 DEBUG 21240 --- [nio-7999-exec-3] c.g.demomybatis.web.SimulationService    :     2033年 年龄段为   61 -105 总计为    372507564
2021-05-08 10:30:27.375 DEBUG 21240 --- [nio-7999-exec-3] c.g.demomybatis.web.SimulationService    : 2034年 总人口为 1435505689
2021-05-08 10:30:27.375 DEBUG 21240 --- [nio-7999-exec-3] c.g.demomybatis.web.SimulationService    :     2034年 年龄段为    0 - 22 总计为    363803372
2021-05-08 10:30:27.375 DEBUG 21240 --- [nio-7999-exec-3] c.g.demomybatis.web.SimulationService    :     2034年 年龄段为   23 - 60 总计为    691548376
2021-05-08 10:30:27.376 DEBUG 21240 --- [nio-7999-exec-3] c.g.demomybatis.web.SimulationService    :     2034年 年龄段为   61 -105 总计为    380153941
2021-05-08 10:30:27.376 DEBUG 21240 --- [nio-7999-exec-3] c.g.demomybatis.web.SimulationService    : 2035年 总人口为 1434917478
2021-05-08 10:30:27.377 DEBUG 21240 --- [nio-7999-exec-3] c.g.demomybatis.web.SimulationService    :     2035年 年龄段为    0 - 22 总计为    363803372
2021-05-08 10:30:27.377 DEBUG 21240 --- [nio-7999-exec-3] c.g.demomybatis.web.SimulationService    :     2035年 年龄段为   23 - 60 总计为    683789735
2021-05-08 10:30:27.377 DEBUG 21240 --- [nio-7999-exec-3] c.g.demomybatis.web.SimulationService    :     2035年 年龄段为   61 -105 总计为    387324371
2021-05-08 10:30:27.378 DEBUG 21240 --- [nio-7999-exec-3] c.g.demomybatis.web.SimulationService    : 2036年 总人口为 1433897458
2021-05-08 10:30:27.378 DEBUG 21240 --- [nio-7999-exec-3] c.g.demomybatis.web.SimulationService    :     2036年 年龄段为    0 - 22 总计为    363803372
2021-05-08 10:30:27.378 DEBUG 21240 --- [nio-7999-exec-3] c.g.demomybatis.web.SimulationService    :     2036年 年龄段为   23 - 60 总计为    676073485
2021-05-08 10:30:27.379 DEBUG 21240 --- [nio-7999-exec-3] c.g.demomybatis.web.SimulationService    :     2036年 年龄段为   61 -105 总计为    394020601
2021-05-08 10:30:27.379 DEBUG 21240 --- [nio-7999-exec-3] c.g.demomybatis.web.SimulationService    : 2037年 总人口为 1432453219
2021-05-08 10:30:27.380 DEBUG 21240 --- [nio-7999-exec-3] c.g.demomybatis.web.SimulationService    :     2037年 年龄段为    0 - 22 总计为    363803372
2021-05-08 10:30:27.380 DEBUG 21240 --- [nio-7999-exec-3] c.g.demomybatis.web.SimulationService    :     2037年 年龄段为   23 - 60 总计为    672243692
2021-05-08 10:30:27.380 DEBUG 21240 --- [nio-7999-exec-3] c.g.demomybatis.web.SimulationService    :     2037年 年龄段为   61 -105 总计为    396406155
2021-05-08 10:30:27.381 DEBUG 21240 --- [nio-7999-exec-3] c.g.demomybatis.web.SimulationService    : 2038年 总人口为 1430593031
2021-05-08 10:30:27.381 DEBUG 21240 --- [nio-7999-exec-3] c.g.demomybatis.web.SimulationService    :     2038年 年龄段为    0 - 22 总计为    363803372
2021-05-08 10:30:27.382 DEBUG 21240 --- [nio-7999-exec-3] c.g.demomybatis.web.SimulationService    :     2038年 年龄段为   23 - 60 总计为    668424193
2021-05-08 10:30:27.382 DEBUG 21240 --- [nio-7999-exec-3] c.g.demomybatis.web.SimulationService    :     2038年 年龄段为   61 -105 总计为    398365466
2021-05-08 10:30:27.383 DEBUG 21240 --- [nio-7999-exec-3] c.g.demomybatis.web.SimulationService    : 2039年 总人口为 1428327822
2021-05-08 10:30:27.383 DEBUG 21240 --- [nio-7999-exec-3] c.g.demomybatis.web.SimulationService    :     2039年 年龄段为    0 - 22 总计为    363803372
2021-05-08 10:30:27.398 DEBUG 21240 --- [nio-7999-exec-3] c.g.demomybatis.web.SimulationService    :     2039年 年龄段为   23 - 60 总计为    664614189
2021-05-08 10:30:27.399 DEBUG 21240 --- [nio-7999-exec-3] c.g.demomybatis.web.SimulationService    :     2039年 年龄段为   61 -105 总计为    399910261
2021-05-08 10:30:27.399 DEBUG 21240 --- [nio-7999-exec-3] c.g.demomybatis.web.SimulationService    : 2040年 总人口为 1425670895
2021-05-08 10:30:27.400 DEBUG 21240 --- [nio-7999-exec-3] c.g.demomybatis.web.SimulationService    :     2040年 年龄段为    0 - 22 总计为    363803372
2021-05-08 10:30:27.400 DEBUG 21240 --- [nio-7999-exec-3] c.g.demomybatis.web.SimulationService    :     2040年 年龄段为   23 - 60 总计为    660813048
2021-05-08 10:30:27.400 DEBUG 21240 --- [nio-7999-exec-3] c.g.demomybatis.web.SimulationService    :     2040年 年龄段为   61 -105 总计为    401054475
2021-05-08 10:30:27.402 DEBUG 21240 --- [nio-7999-exec-3] c.g.demomybatis.web.SimulationService    : 2041年 总人口为 1422636889
2021-05-08 10:30:27.403 DEBUG 21240 --- [nio-7999-exec-3] c.g.demomybatis.web.SimulationService    :     2041年 年龄段为    0 - 22 总计为    363803372
2021-05-08 10:30:27.403 DEBUG 21240 --- [nio-7999-exec-3] c.g.demomybatis.web.SimulationService    :     2041年 年龄段为   23 - 60 总计为    657020300
2021-05-08 10:30:27.403 DEBUG 21240 --- [nio-7999-exec-3] c.g.demomybatis.web.SimulationService    :     2041年 年龄段为   61 -105 总计为    401813217
2021-05-08 10:30:27.404 DEBUG 21240 --- [nio-7999-exec-3] m.m.a.RequestResponseBodyMethodProcessor : Using 'text/plain', given [*/*] and supported [text/plain, */*, text/plain,
*/*, application/json, application/*+json, application/json, application/*+json]
2021-05-08 10:30:27.405 DEBUG 21240 --- [nio-7999-exec-3] m.m.a.RequestResponseBodyMethodProcessor : Writing ["模拟成功"]
2021-05-08 10:30:27.408 DEBUG 21240 --- [nio-7999-exec-3] o.s.web.servlet.DispatcherServlet        : Completed 200 OK